[2021-03-28 14:45:12.291] [main] [info] update#setState idle
[2021-03-28 14:45:42.296] [main] [info] update#setState checking for updates
[2021-03-28 14:45:42.569] [main] [info] update#setState idle
[2021-03-28 15:10:06.926] [main] [error] Error: ENOENT: no such file or directory, open '/home/alessandro/.config/VSCodium/storage.json'
    at Object.openSync (original-fs.js:466:3)
    at Object.z [as writeFileSync] (/usr/share/vscodium-bin/resources/app/out/vs/code/electron-main/main.js:18:43326)
    at S.saveSync (/usr/share/vscodium-bin/resources/app/out/vs/code/electron-main/main.js:30:12490)
    at S.setItem (/usr/share/vscodium-bin/resources/app/out/vs/code/electron-main/main.js:30:12285)
    at bt.setItem (/usr/share/vscodium-bin/resources/app/out/vs/code/electron-main/main.js:30:12824)
    at wt.updateMenu (/usr/share/vscodium-bin/resources/app/out/vs/code/electron-main/main.js:56:16246)
    at M.updateMenubar (/usr/share/vscodium-bin/resources/app/out/vs/code/electron-main/main.js:56:28679)
[2021-03-28 15:10:07.214] [main] [error] Error: ENOENT: no such file or directory, open '/home/alessandro/.config/VSCodium/storage.json'
    at Object.openSync (original-fs.js:466:3)
    at Object.z [as writeFileSync] (/usr/share/vscodium-bin/resources/app/out/vs/code/electron-main/main.js:18:43326)
    at S.saveSync (/usr/share/vscodium-bin/resources/app/out/vs/code/electron-main/main.js:30:12490)
    at S.setItem (/usr/share/vscodium-bin/resources/app/out/vs/code/electron-main/main.js:30:12285)
    at bt.setItem (/usr/share/vscodium-bin/resources/app/out/vs/code/electron-main/main.js:30:12824)
    at mt.saveWindowsState (/usr/share/vscodium-bin/resources/app/out/vs/code/electron-main/main.js:50:16557)
    at App.<anonymous> (/usr/share/vscodium-bin/resources/app/out/vs/code/electron-main/main.js:50:15371)
    at App.emit (events.js:327:22)
    at BrowserWindow.<anonymous> (electron/js2c/browser_init.js:33:655)
    at BrowserWindow.emit (events.js:315:20)
[2021-03-28 15:11:08.562] [main] [error] Error: ENOENT: no such file or directory, open '/home/alessandro/.config/VSCodium/storage.json'
    at Object.openSync (original-fs.js:466:3)
    at Object.z [as writeFileSync] (/usr/share/vscodium-bin/resources/app/out/vs/code/electron-main/main.js:18:43326)
    at S.saveSync (/usr/share/vscodium-bin/resources/app/out/vs/code/electron-main/main.js:30:12490)
    at S.setItem (/usr/share/vscodium-bin/resources/app/out/vs/code/electron-main/main.js:30:12285)
    at bt.setItem (/usr/share/vscodium-bin/resources/app/out/vs/code/electron-main/main.js:30:12824)
    at wt.updateMenu (/usr/share/vscodium-bin/resources/app/out/vs/code/electron-main/main.js:56:16246)
    at M.updateMenubar (/usr/share/vscodium-bin/resources/app/out/vs/code/electron-main/main.js:56:28679)
[2021-03-28 15:11:12.384] [main] [error] Error: ENOENT: no such file or directory, open '/home/alessandro/.config/VSCodium/storage.json'
    at Object.openSync (original-fs.js:466:3)
    at Object.z [as writeFileSync] (/usr/share/vscodium-bin/resources/app/out/vs/code/electron-main/main.js:18:43326)
    at S.saveSync (/usr/share/vscodium-bin/resources/app/out/vs/code/electron-main/main.js:30:12490)
    at S.setItem (/usr/share/vscodium-bin/resources/app/out/vs/code/electron-main/main.js:30:12285)
    at bt.setItem (/usr/share/vscodium-bin/resources/app/out/vs/code/electron-main/main.js:30:12824)
    at mt.saveWindowsState (/usr/share/vscodium-bin/resources/app/out/vs/code/electron-main/main.js:50:16557)
    at App.<anonymous> (/usr/share/vscodium-bin/resources/app/out/vs/code/electron-main/main.js:50:15371)
    at App.emit (events.js:327:22)
    at BrowserWindow.<anonymous> (electron/js2c/browser_init.js:33:655)
    at BrowserWindow.emit (events.js:315:20)
